

Microchip MPLAB XC8 Assembler V2.35 build 20211206165544 
                                                                                               Mon Sep 19 18:45:02 2022

Microchip MPLAB XC8 C Compiler v2.35 (Free license) build 20211206165544 Og1 
     1                           	processor	16F887
     2                           	pagewidth 120
     3                           	opt	flic
     4                           	psect	cinit,global,class=CODE,merge=1,delta=2
     5                           	psect	bssCOMMON,global,class=COMMON,space=1,delta=1,noexec
     6                           	psect	bssBANK0,global,class=BANK0,space=1,delta=1,noexec
     7                           	psect	cstackCOMMON,global,class=COMMON,space=1,delta=1,noexec
     8                           	psect	cstackBANK0,global,class=BANK0,space=1,delta=1,noexec
     9                           	psect	maintext,global,class=CODE,split=1,delta=2
    10                           	psect	text1,local,class=CODE,merge=1,delta=2
    11                           	psect	text2,local,class=CODE,merge=1,delta=2
    12                           	psect	text3,local,class=CODE,merge=1,delta=2
    13                           	psect	text4,local,class=CODE,merge=1,delta=2
    14                           	psect	text5,local,class=CODE,merge=1,delta=2
    15                           	psect	text6,local,class=CODE,merge=1,delta=2
    16                           	psect	text7,local,class=CODE,merge=1,delta=2
    17                           	psect	intentry,global,class=CODE,delta=2
    18                           	psect	idloc,global,abs,ovrld,class=IDLOC,space=5,delta=2,noexec
    19                           	psect	config,global,abs,ovrld,class=CONFIG,space=4,delta=2,noexec
    20                           	dabs	1,0x7E,2
    21  0000                     
    22                           ; Version 2.40
    23                           ; Generated 17/11/2021 GMT
    24                           ; 
    25                           ; Copyright © 2021, Microchip Technology Inc. and its subsidiaries ("Microchip")
    26                           ; All rights reserved.
    27                           ; 
    28                           ; This software is developed by Microchip Technology Inc. and its subsidiaries ("Microch
      +                          ip").
    29                           ; 
    30                           ; Redistribution and use in source and binary forms, with or without modification, are
    31                           ; permitted provided that the following conditions are met:
    32                           ; 
    33                           ;     1. Redistributions of source code must retain the above copyright notice, this lis
      +                          t of
    34                           ;        conditions and the following disclaimer.
    35                           ; 
    36                           ;     2. Redistributions in binary form must reproduce the above copyright notice, this 
      +                          list
    37                           ;        of conditions and the following disclaimer in the documentation and/or other
    38                           ;        materials provided with the distribution. Publication is not required when
    39                           ;        this file is used in an embedded application.
    40                           ; 
    41                           ;     3. Microchip's name may not be used to endorse or promote products derived from th
      +                          is
    42                           ;        software without specific prior written permission.
    43                           ; 
    44                           ; THIS SOFTWARE IS PROVIDED BY MICROCHIP "AS IS" AND ANY EXPRESS OR IMPLIED WARRANTIES,
    45                           ; INCLUDING, BUT NOT LIMITED TO, THE IMPLIED WARRANTIES OF MERCHANTABILITY AND FITNESS F
      +                          OR
    46                           ; PURPOSE ARE DISCLAIMED.  IN NO EVENT SHALL MICROCHIP BE LIABLE FOR ANY DIRECT, INDIREC
      +                          T,
    47                           ; INCIDENTAL, SPECIAL, EXEMPLARY, OR CONSEQUENTIAL DAMAGES (INCLUDING BUT NOT LIMITED TO
    48                           ; PROCUREMENT OF SUBSTITUTE GOODS OR SERVICES; LOSS OF USE, DATA OR PROFITS; OR BUSINESS
    49                           ; INTERRUPTION) HOWSOEVER CAUSED AND ON ANY THEORY OF LIABILITY, WHETHER IN CONTRACT, ST
      +                          RICT
    50                           ; LIABILITY, OR TORT (INCLUDING NEGLIGENCE OR OTHERWISE) ARISING IN ANY WAY OUT OF THE U
      +                          SE OF
    51                           ; THIS SOFTWARE, EVEN IF ADVISED OF THE POSSIBILITY OF SUCH DAMAGE.
    52                           ; 
    53                           ; 
    54                           ; Code-generator required, PIC16F887 Definitions
    55                           ; 
    56                           ; SFR Addresses
    57  0000                     	;# 
    58  0001                     	;# 
    59  0002                     	;# 
    60  0003                     	;# 
    61  0004                     	;# 
    62  0005                     	;# 
    63  0006                     	;# 
    64  0007                     	;# 
    65  0008                     	;# 
    66  0009                     	;# 
    67  000A                     	;# 
    68  000B                     	;# 
    69  000C                     	;# 
    70  000D                     	;# 
    71  000E                     	;# 
    72  000E                     	;# 
    73  000F                     	;# 
    74  0010                     	;# 
    75  0011                     	;# 
    76  0012                     	;# 
    77  0013                     	;# 
    78  0014                     	;# 
    79  0015                     	;# 
    80  0015                     	;# 
    81  0016                     	;# 
    82  0017                     	;# 
    83  0018                     	;# 
    84  0019                     	;# 
    85  001A                     	;# 
    86  001B                     	;# 
    87  001B                     	;# 
    88  001C                     	;# 
    89  001D                     	;# 
    90  001E                     	;# 
    91  001F                     	;# 
    92  0081                     	;# 
    93  0085                     	;# 
    94  0086                     	;# 
    95  0087                     	;# 
    96  0088                     	;# 
    97  0089                     	;# 
    98  008C                     	;# 
    99  008D                     	;# 
   100  008E                     	;# 
   101  008F                     	;# 
   102  0090                     	;# 
   103  0091                     	;# 
   104  0092                     	;# 
   105  0093                     	;# 
   106  0093                     	;# 
   107  0093                     	;# 
   108  0094                     	;# 
   109  0095                     	;# 
   110  0096                     	;# 
   111  0097                     	;# 
   112  0098                     	;# 
   113  0099                     	;# 
   114  009A                     	;# 
   115  009B                     	;# 
   116  009C                     	;# 
   117  009D                     	;# 
   118  009E                     	;# 
   119  009F                     	;# 
   120  0105                     	;# 
   121  0107                     	;# 
   122  0108                     	;# 
   123  0109                     	;# 
   124  010C                     	;# 
   125  010C                     	;# 
   126  010D                     	;# 
   127  010E                     	;# 
   128  010F                     	;# 
   129  0185                     	;# 
   130  0187                     	;# 
   131  0188                     	;# 
   132  0189                     	;# 
   133  018C                     	;# 
   134  018D                     	;# 
   135  0000                     	;# 
   136  0001                     	;# 
   137  0002                     	;# 
   138  0003                     	;# 
   139  0004                     	;# 
   140  0005                     	;# 
   141  0006                     	;# 
   142  0007                     	;# 
   143  0008                     	;# 
   144  0009                     	;# 
   145  000A                     	;# 
   146  000B                     	;# 
   147  000C                     	;# 
   148  000D                     	;# 
   149  000E                     	;# 
   150  000E                     	;# 
   151  000F                     	;# 
   152  0010                     	;# 
   153  0011                     	;# 
   154  0012                     	;# 
   155  0013                     	;# 
   156  0014                     	;# 
   157  0015                     	;# 
   158  0015                     	;# 
   159  0016                     	;# 
   160  0017                     	;# 
   161  0018                     	;# 
   162  0019                     	;# 
   163  001A                     	;# 
   164  001B                     	;# 
   165  001B                     	;# 
   166  001C                     	;# 
   167  001D                     	;# 
   168  001E                     	;# 
   169  001F                     	;# 
   170  0081                     	;# 
   171  0085                     	;# 
   172  0086                     	;# 
   173  0087                     	;# 
   174  0088                     	;# 
   175  0089                     	;# 
   176  008C                     	;# 
   177  008D                     	;# 
   178  008E                     	;# 
   179  008F                     	;# 
   180  0090                     	;# 
   181  0091                     	;# 
   182  0092                     	;# 
   183  0093                     	;# 
   184  0093                     	;# 
   185  0093                     	;# 
   186  0094                     	;# 
   187  0095                     	;# 
   188  0096                     	;# 
   189  0097                     	;# 
   190  0098                     	;# 
   191  0099                     	;# 
   192  009A                     	;# 
   193  009B                     	;# 
   194  009C                     	;# 
   195  009D                     	;# 
   196  009E                     	;# 
   197  009F                     	;# 
   198  0105                     	;# 
   199  0107                     	;# 
   200  0108                     	;# 
   201  0109                     	;# 
   202  010C                     	;# 
   203  010C                     	;# 
   204  010D                     	;# 
   205  010E                     	;# 
   206  010F                     	;# 
   207  0185                     	;# 
   208  0187                     	;# 
   209  0188                     	;# 
   210  0189                     	;# 
   211  018C                     	;# 
   212  018D                     	;# 
   213  0000                     	;# 
   214  0001                     	;# 
   215  0002                     	;# 
   216  0003                     	;# 
   217  0004                     	;# 
   218  0005                     	;# 
   219  0006                     	;# 
   220  0007                     	;# 
   221  0008                     	;# 
   222  0009                     	;# 
   223  000A                     	;# 
   224  000B                     	;# 
   225  000C                     	;# 
   226  000D                     	;# 
   227  000E                     	;# 
   228  000E                     	;# 
   229  000F                     	;# 
   230  0010                     	;# 
   231  0011                     	;# 
   232  0012                     	;# 
   233  0013                     	;# 
   234  0014                     	;# 
   235  0015                     	;# 
   236  0015                     	;# 
   237  0016                     	;# 
   238  0017                     	;# 
   239  0018                     	;# 
   240  0019                     	;# 
   241  001A                     	;# 
   242  001B                     	;# 
   243  001B                     	;# 
   244  001C                     	;# 
   245  001D                     	;# 
   246  001E                     	;# 
   247  001F                     	;# 
   248  0081                     	;# 
   249  0085                     	;# 
   250  0086                     	;# 
   251  0087                     	;# 
   252  0088                     	;# 
   253  0089                     	;# 
   254  008C                     	;# 
   255  008D                     	;# 
   256  008E                     	;# 
   257  008F                     	;# 
   258  0090                     	;# 
   259  0091                     	;# 
   260  0092                     	;# 
   261  0093                     	;# 
   262  0093                     	;# 
   263  0093                     	;# 
   264  0094                     	;# 
   265  0095                     	;# 
   266  0096                     	;# 
   267  0097                     	;# 
   268  0098                     	;# 
   269  0099                     	;# 
   270  009A                     	;# 
   271  009B                     	;# 
   272  009C                     	;# 
   273  009D                     	;# 
   274  009E                     	;# 
   275  009F                     	;# 
   276  0105                     	;# 
   277  0107                     	;# 
   278  0108                     	;# 
   279  0109                     	;# 
   280  010C                     	;# 
   281  010C                     	;# 
   282  010D                     	;# 
   283  010E                     	;# 
   284  010F                     	;# 
   285  0185                     	;# 
   286  0187                     	;# 
   287  0188                     	;# 
   288  0189                     	;# 
   289  018C                     	;# 
   290  018D                     	;# 
   291  0000                     	;# 
   292  0001                     	;# 
   293  0002                     	;# 
   294  0003                     	;# 
   295  0004                     	;# 
   296  0005                     	;# 
   297  0006                     	;# 
   298  0007                     	;# 
   299  0008                     	;# 
   300  0009                     	;# 
   301  000A                     	;# 
   302  000B                     	;# 
   303  000C                     	;# 
   304  000D                     	;# 
   305  000E                     	;# 
   306  000E                     	;# 
   307  000F                     	;# 
   308  0010                     	;# 
   309  0011                     	;# 
   310  0012                     	;# 
   311  0013                     	;# 
   312  0014                     	;# 
   313  0015                     	;# 
   314  0015                     	;# 
   315  0016                     	;# 
   316  0017                     	;# 
   317  0018                     	;# 
   318  0019                     	;# 
   319  001A                     	;# 
   320  001B                     	;# 
   321  001B                     	;# 
   322  001C                     	;# 
   323  001D                     	;# 
   324  001E                     	;# 
   325  001F                     	;# 
   326  0081                     	;# 
   327  0085                     	;# 
   328  0086                     	;# 
   329  0087                     	;# 
   330  0088                     	;# 
   331  0089                     	;# 
   332  008C                     	;# 
   333  008D                     	;# 
   334  008E                     	;# 
   335  008F                     	;# 
   336  0090                     	;# 
   337  0091                     	;# 
   338  0092                     	;# 
   339  0093                     	;# 
   340  0093                     	;# 
   341  0093                     	;# 
   342  0094                     	;# 
   343  0095                     	;# 
   344  0096                     	;# 
   345  0097                     	;# 
   346  0098                     	;# 
   347  0099                     	;# 
   348  009A                     	;# 
   349  009B                     	;# 
   350  009C                     	;# 
   351  009D                     	;# 
   352  009E                     	;# 
   353  009F                     	;# 
   354  0105                     	;# 
   355  0107                     	;# 
   356  0108                     	;# 
   357  0109                     	;# 
   358  010C                     	;# 
   359  010C                     	;# 
   360  010D                     	;# 
   361  010E                     	;# 
   362  010F                     	;# 
   363  0185                     	;# 
   364  0187                     	;# 
   365  0188                     	;# 
   366  0189                     	;# 
   367  018C                     	;# 
   368  018D                     	;# 
   369  0000                     	;# 
   370  0001                     	;# 
   371  0002                     	;# 
   372  0003                     	;# 
   373  0004                     	;# 
   374  0005                     	;# 
   375  0006                     	;# 
   376  0007                     	;# 
   377  0008                     	;# 
   378  0009                     	;# 
   379  000A                     	;# 
   380  000B                     	;# 
   381  000C                     	;# 
   382  000D                     	;# 
   383  000E                     	;# 
   384  000E                     	;# 
   385  000F                     	;# 
   386  0010                     	;# 
   387  0011                     	;# 
   388  0012                     	;# 
   389  0013                     	;# 
   390  0014                     	;# 
   391  0015                     	;# 
   392  0015                     	;# 
   393  0016                     	;# 
   394  0017                     	;# 
   395  0018                     	;# 
   396  0019                     	;# 
   397  001A                     	;# 
   398  001B                     	;# 
   399  001B                     	;# 
   400  001C                     	;# 
   401  001D                     	;# 
   402  001E                     	;# 
   403  001F                     	;# 
   404  0081                     	;# 
   405  0085                     	;# 
   406  0086                     	;# 
   407  0087                     	;# 
   408  0088                     	;# 
   409  0089                     	;# 
   410  008C                     	;# 
   411  008D                     	;# 
   412  008E                     	;# 
   413  008F                     	;# 
   414  0090                     	;# 
   415  0091                     	;# 
   416  0092                     	;# 
   417  0093                     	;# 
   418  0093                     	;# 
   419  0093                     	;# 
   420  0094                     	;# 
   421  0095                     	;# 
   422  0096                     	;# 
   423  0097                     	;# 
   424  0098                     	;# 
   425  0099                     	;# 
   426  009A                     	;# 
   427  009B                     	;# 
   428  009C                     	;# 
   429  009D                     	;# 
   430  009E                     	;# 
   431  009F                     	;# 
   432  0105                     	;# 
   433  0107                     	;# 
   434  0108                     	;# 
   435  0109                     	;# 
   436  010C                     	;# 
   437  010C                     	;# 
   438  010D                     	;# 
   439  010E                     	;# 
   440  010F                     	;# 
   441  0185                     	;# 
   442  0187                     	;# 
   443  0188                     	;# 
   444  0189                     	;# 
   445  018C                     	;# 
   446  018D                     	;# 
   447  0013                     _SSPBUF	set	19
   448  0014                     _SSPCON	set	20
   449  0001                     _TMR0	set	1
   450  000B                     _INTCONbits	set	11
   451  0008                     _PORTD	set	8
   452  005F                     _GIE	set	95
   453  005E                     _PEIE	set	94
   454  0063                     _SSPIF	set	99
   455  0091                     _SSPCON2bits	set	145
   456  0087                     _TRISCbits	set	135
   457  0094                     _SSPSTAT	set	148
   458  0093                     _SSPADD	set	147
   459  0091                     _SSPCON2	set	145
   460  008F                     _OSCCONbits	set	143
   461  0081                     _OPTION_REGbits	set	129
   462  008C                     _PIE1bits	set	140
   463  0088                     _TRISD	set	136
   464  0463                     _SSPIE	set	1123
   465  043C                     _TRISC4	set	1084
   466  043B                     _TRISC3	set	1083
   467                           
   468                           	psect	cinit
   469  000F                     start_initialization:	
   470                           ; #config settings
   471                           
   472  000F                     __initialization:
   473                           
   474                           ; Clear objects allocated to COMMON
   475  000F  01F8               	clrf	__pbssCOMMON& (0+127)
   476  0010  01F9               	clrf	(__pbssCOMMON+1)& (0+127)
   477  0011  01FA               	clrf	(__pbssCOMMON+2)& (0+127)
   478                           
   479                           ; Clear objects allocated to BANK0
   480  0012  1283               	bcf	3,5	;RP0=0, select bank0
   481  0013  1303               	bcf	3,6	;RP1=0, select bank0
   482  0014  01A3               	clrf	__pbssBANK0& (0+127)
   483  0015                     end_of_initialization:	
   484                           ;End of C runtime variable initialization code
   485                           
   486  0015                     __end_of__initialization:
   487  0015  0183               	clrf	3
   488  0016  120A  118A  2819   	ljmp	_main	;jump to C main() function
   489                           
   490                           	psect	bssCOMMON
   491  0078                     __pbssCOMMON:
   492  0078                     _segundos:
   493  0078                     	ds	1
   494  0079                     _prescaler:
   495  0079                     	ds	1
   496  007A                     _freq:
   497  007A                     	ds	1
   498                           
   499                           	psect	bssBANK0
   500  0023                     __pbssBANK0:
   501  0023                     _mensaje:
   502  0023                     	ds	1
   503                           
   504                           	psect	cstackCOMMON
   505  0070                     __pcstackCOMMON:
   506  0070                     ?_I2C_Master_Start:
   507  0070                     ?_I2C_Master_RepeatedStart:	
   508                           ; 1 bytes @ 0x0
   509                           
   510  0070                     ?_I2C_Master_Stop:	
   511                           ; 1 bytes @ 0x0
   512                           
   513  0070                     ?_isr:	
   514                           ; 1 bytes @ 0x0
   515                           
   516  0070                     ??_isr:	
   517                           ; 1 bytes @ 0x0
   518                           
   519  0070                     ?_main:	
   520                           ; 1 bytes @ 0x0
   521                           
   522  0070                     ?_I2C_Master_Wait:	
   523                           ; 1 bytes @ 0x0
   524                           
   525                           
   526                           ; 1 bytes @ 0x0
   527  0070                     	ds	2
   528  0072                     ??_I2C_Master_Start:
   529  0072                     ?_I2C_Master_Write:	
   530                           ; 1 bytes @ 0x2
   531                           
   532  0072                     ??_I2C_Master_RepeatedStart:	
   533                           ; 1 bytes @ 0x2
   534                           
   535  0072                     ??_I2C_Master_Stop:	
   536                           ; 1 bytes @ 0x2
   537                           
   538  0072                     ??_I2C_Master_Wait:	
   539                           ; 1 bytes @ 0x2
   540                           
   541  0072                     ?_I2C_Master_Read:	
   542                           ; 1 bytes @ 0x2
   543                           
   544  0072                     I2C_Master_Write@d:	
   545                           ; 2 bytes @ 0x2
   546                           
   547  0072                     I2C_Master_Read@a:	
   548                           ; 2 bytes @ 0x2
   549                           
   550                           
   551                           ; 2 bytes @ 0x2
   552  0072                     	ds	2
   553  0074                     ??_I2C_Master_Write:
   554  0074                     ??_I2C_Master_Read:	
   555                           ; 1 bytes @ 0x4
   556                           
   557                           
   558                           ; 1 bytes @ 0x4
   559  0074                     	ds	2
   560  0076                     I2C_Master_Read@temp:
   561                           
   562                           ; 2 bytes @ 0x6
   563  0076                     	ds	2
   564                           
   565                           	psect	cstackBANK0
   566  0020                     __pcstackBANK0:
   567  0020                     ??_main:
   568                           
   569                           ; 1 bytes @ 0x0
   570  0020                     	ds	3
   571                           
   572                           	psect	maintext
   573  0019                     __pmaintext:	
   574 ;;
   575 ;;Main: autosize = 0, tempsize = 3, incstack = 0, save=0
   576 ;;
   577 ;; *************** function _main *****************
   578 ;; Defined at:
   579 ;;		line 25 in file "main_slaveP1D2.c"
   580 ;; Parameters:    Size  Location     Type
   581 ;;		None
   582 ;; Auto vars:     Size  Location     Type
   583 ;;		None
   584 ;; Return value:  Size  Location     Type
   585 ;;                  1    wreg      void 
   586 ;; Registers used:
   587 ;;		wreg, status,2, status,0, pclath, cstack
   588 ;; Tracked objects:
   589 ;;		On entry : B00/0
   590 ;;		On exit  : 0/0
   591 ;;		Unchanged: 0/0
   592 ;; Data sizes:     COMMON   BANK0   BANK1   BANK3   BANK2
   593 ;;      Params:         0       0       0       0       0
   594 ;;      Locals:         0       0       0       0       0
   595 ;;      Temps:          0       3       0       0       0
   596 ;;      Totals:         0       3       0       0       0
   597 ;;Total ram usage:        3 bytes
   598 ;; Hardware stack levels required when called: 3
   599 ;; This function calls:
   600 ;;		_I2C_Master_Read
   601 ;;		_I2C_Master_RepeatedStart
   602 ;;		_I2C_Master_Start
   603 ;;		_I2C_Master_Stop
   604 ;;		_I2C_Master_Write
   605 ;; This function is called by:
   606 ;;		Startup code after reset
   607 ;; This function uses a non-reentrant model
   608 ;;
   609                           
   610  0019                     _main:	
   611                           ;psect for function _main
   612                           
   613  0019                     l40:	
   614                           ;incstack = 0
   615                           ; Regs used in _main: [wreg+status,2+status,0+pclath+cstack]
   616                           ;main_slaveP1D2.c: 26:     while (1){
   617                           
   618  0019                     l901:
   619                           
   620                           ;main_slaveP1D2.c: 30:         I2C_Master_Start();
   621  0019  120A  118A  20B5  120A  118A  	fcall	_I2C_Master_Start
   622                           
   623                           ;main_slaveP1D2.c: 31:         I2C_Master_Write(0b11010000);
   624  001E  30D0               	movlw	208
   625  001F  00F2               	movwf	I2C_Master_Write@d
   626  0020  3000               	movlw	0
   627  0021  00F3               	movwf	I2C_Master_Write@d+1
   628  0022  120A  118A  20A2  120A  118A  	fcall	_I2C_Master_Write
   629                           
   630                           ;main_slaveP1D2.c: 32:         I2C_Master_Write(0x00);
   631  0027  3000               	movlw	0
   632  0028  00F2               	movwf	I2C_Master_Write@d
   633  0029  00F3               	movwf	I2C_Master_Write@d+1
   634  002A  120A  118A  20A2  120A  118A  	fcall	_I2C_Master_Write
   635                           
   636                           ;main_slaveP1D2.c: 33:         I2C_Master_RepeatedStart();
   637  002F  120A  118A  20BE  120A  118A  	fcall	_I2C_Master_RepeatedStart
   638                           
   639                           ;main_slaveP1D2.c: 34:         I2C_Master_Write(0b11010001);
   640  0034  30D1               	movlw	209
   641  0035  00F2               	movwf	I2C_Master_Write@d
   642  0036  3000               	movlw	0
   643  0037  00F3               	movwf	I2C_Master_Write@d+1
   644  0038  120A  118A  20A2  120A  118A  	fcall	_I2C_Master_Write
   645                           
   646                           ;main_slaveP1D2.c: 35:         segundos = I2C_Master_Read(0);
   647  003D  3000               	movlw	0
   648  003E  00F2               	movwf	I2C_Master_Read@a
   649  003F  00F3               	movwf	I2C_Master_Read@a+1
   650  0040  120A  118A  2067  120A  118A  	fcall	_I2C_Master_Read
   651  0045  0872               	movf	?_I2C_Master_Read,w
   652  0046  1283               	bcf	3,5	;RP0=0, select bank0
   653  0047  1303               	bcf	3,6	;RP1=0, select bank0
   654  0048  00A0               	movwf	??_main
   655  0049  0820               	movf	??_main,w
   656  004A  00F8               	movwf	_segundos
   657                           
   658                           ;main_slaveP1D2.c: 36:         I2C_Master_Stop();
   659  004B  120A  118A  20AC  120A  118A  	fcall	_I2C_Master_Stop
   660  0050                     l903:
   661                           
   662                           ;main_slaveP1D2.c: 37:         _delay((unsigned long)((200)*(8000000/4000.0)));
   663  0050  3003               	movlw	3
   664  0051  1283               	bcf	3,5	;RP0=0, select bank0
   665  0052  1303               	bcf	3,6	;RP1=0, select bank0
   666  0053  00A2               	movwf	??_main+2
   667  0054  3008               	movlw	8
   668  0055  00A1               	movwf	??_main+1
   669  0056  3076               	movlw	118
   670  0057  00A0               	movwf	??_main
   671  0058                     u67:
   672  0058  0BA0               	decfsz	??_main,f
   673  0059  2858               	goto	u67
   674  005A  0BA1               	decfsz	??_main+1,f
   675  005B  2858               	goto	u67
   676  005C  0BA2               	decfsz	??_main+2,f
   677  005D  2858               	goto	u67
   678  005E  0000               	nop
   679  005F                     l905:
   680                           
   681                           ;main_slaveP1D2.c: 38:         PORTD = segundos;
   682  005F  0878               	movf	_segundos,w
   683  0060  1283               	bcf	3,5	;RP0=0, select bank0
   684  0061  1303               	bcf	3,6	;RP1=0, select bank0
   685  0062  0088               	movwf	8	;volatile
   686  0063  2819               	goto	l40
   687  0064  120A  118A  280C   	ljmp	start
   688  0067                     __end_of_main:
   689                           
   690                           	psect	text1
   691  00A2                     __ptext1:	
   692 ;; *************** function _I2C_Master_Write *****************
   693 ;; Defined at:
   694 ;;		line 54 in file "I2C.c"
   695 ;; Parameters:    Size  Location     Type
   696 ;;  d               2    2[COMMON] unsigned int 
   697 ;; Auto vars:     Size  Location     Type
   698 ;;		None
   699 ;; Return value:  Size  Location     Type
   700 ;;                  1    wreg      void 
   701 ;; Registers used:
   702 ;;		wreg, status,2, status,0, pclath, cstack
   703 ;; Tracked objects:
   704 ;;		On entry : 0/0
   705 ;;		On exit  : 0/0
   706 ;;		Unchanged: 0/0
   707 ;; Data sizes:     COMMON   BANK0   BANK1   BANK3   BANK2
   708 ;;      Params:         2       0       0       0       0
   709 ;;      Locals:         0       0       0       0       0
   710 ;;      Temps:          0       0       0       0       0
   711 ;;      Totals:         2       0       0       0       0
   712 ;;Total ram usage:        2 bytes
   713 ;; Hardware stack levels used: 1
   714 ;; Hardware stack levels required when called: 2
   715 ;; This function calls:
   716 ;;		_I2C_Master_Wait
   717 ;; This function is called by:
   718 ;;		_main
   719 ;; This function uses a non-reentrant model
   720 ;;
   721                           
   722  00A2                     _I2C_Master_Write:	
   723                           ;psect for function _I2C_Master_Write
   724                           
   725  00A2                     l875:	
   726                           ;incstack = 0
   727                           ; Regs used in _I2C_Master_Write: [wreg+status,2+status,0+pclath+cstack]
   728                           
   729                           
   730                           ;I2C.c: 54: void I2C_Master_Write(unsigned d);I2C.c: 55: {;I2C.c: 56:     I2C_Master_Wai
      +                          t();
   731  00A2  120A  118A  2095  120A  118A  	fcall	_I2C_Master_Wait
   732  00A7                     l877:
   733                           
   734                           ;I2C.c: 57:     SSPBUF = d;
   735  00A7  0872               	movf	I2C_Master_Write@d,w
   736  00A8  1283               	bcf	3,5	;RP0=0, select bank0
   737  00A9  1303               	bcf	3,6	;RP1=0, select bank0
   738  00AA  0093               	movwf	19	;volatile
   739  00AB                     l133:
   740  00AB  0008               	return
   741  00AC                     __end_of_I2C_Master_Write:
   742                           
   743                           	psect	text2
   744  00AC                     __ptext2:	
   745 ;; *************** function _I2C_Master_Stop *****************
   746 ;; Defined at:
   747 ;;		line 47 in file "I2C.c"
   748 ;; Parameters:    Size  Location     Type
   749 ;;		None
   750 ;; Auto vars:     Size  Location     Type
   751 ;;		None
   752 ;; Return value:  Size  Location     Type
   753 ;;                  1    wreg      void 
   754 ;; Registers used:
   755 ;;		wreg, status,2, status,0, pclath, cstack
   756 ;; Tracked objects:
   757 ;;		On entry : 0/0
   758 ;;		On exit  : 0/0
   759 ;;		Unchanged: 0/0
   760 ;; Data sizes:     COMMON   BANK0   BANK1   BANK3   BANK2
   761 ;;      Params:         0       0       0       0       0
   762 ;;      Locals:         0       0       0       0       0
   763 ;;      Temps:          0       0       0       0       0
   764 ;;      Totals:         0       0       0       0       0
   765 ;;Total ram usage:        0 bytes
   766 ;; Hardware stack levels used: 1
   767 ;; Hardware stack levels required when called: 2
   768 ;; This function calls:
   769 ;;		_I2C_Master_Wait
   770 ;; This function is called by:
   771 ;;		_main
   772 ;; This function uses a non-reentrant model
   773 ;;
   774                           
   775  00AC                     _I2C_Master_Stop:	
   776                           ;psect for function _I2C_Master_Stop
   777                           
   778  00AC                     l765:	
   779                           ;incstack = 0
   780                           ; Regs used in _I2C_Master_Stop: [wreg+status,2+status,0+pclath+cstack]
   781                           
   782                           
   783                           ;I2C.c: 49:     I2C_Master_Wait();
   784  00AC  120A  118A  2095  120A  118A  	fcall	_I2C_Master_Wait
   785  00B1                     l767:
   786                           
   787                           ;I2C.c: 50:     SSPCON2bits.PEN = 1;
   788  00B1  1683               	bsf	3,5	;RP0=1, select bank1
   789  00B2  1303               	bcf	3,6	;RP1=0, select bank1
   790  00B3  1511               	bsf	17,2	;volatile
   791  00B4                     l130:
   792  00B4  0008               	return
   793  00B5                     __end_of_I2C_Master_Stop:
   794                           
   795                           	psect	text3
   796  00B5                     __ptext3:	
   797 ;; *************** function _I2C_Master_Start *****************
   798 ;; Defined at:
   799 ;;		line 33 in file "I2C.c"
   800 ;; Parameters:    Size  Location     Type
   801 ;;		None
   802 ;; Auto vars:     Size  Location     Type
   803 ;;		None
   804 ;; Return value:  Size  Location     Type
   805 ;;                  1    wreg      void 
   806 ;; Registers used:
   807 ;;		wreg, status,2, status,0, pclath, cstack
   808 ;; Tracked objects:
   809 ;;		On entry : 0/0
   810 ;;		On exit  : 0/0
   811 ;;		Unchanged: 0/0
   812 ;; Data sizes:     COMMON   BANK0   BANK1   BANK3   BANK2
   813 ;;      Params:         0       0       0       0       0
   814 ;;      Locals:         0       0       0       0       0
   815 ;;      Temps:          0       0       0       0       0
   816 ;;      Totals:         0       0       0       0       0
   817 ;;Total ram usage:        0 bytes
   818 ;; Hardware stack levels used: 1
   819 ;; Hardware stack levels required when called: 2
   820 ;; This function calls:
   821 ;;		_I2C_Master_Wait
   822 ;; This function is called by:
   823 ;;		_main
   824 ;; This function uses a non-reentrant model
   825 ;;
   826                           
   827  00B5                     _I2C_Master_Start:	
   828                           ;psect for function _I2C_Master_Start
   829                           
   830  00B5                     l737:	
   831                           ;incstack = 0
   832                           ; Regs used in _I2C_Master_Start: [wreg+status,2+status,0+pclath+cstack]
   833                           
   834                           
   835                           ;I2C.c: 35:     I2C_Master_Wait();
   836  00B5  120A  118A  2095  120A  118A  	fcall	_I2C_Master_Wait
   837  00BA                     l739:
   838                           
   839                           ;I2C.c: 36:     SSPCON2bits.SEN = 1;
   840  00BA  1683               	bsf	3,5	;RP0=1, select bank1
   841  00BB  1303               	bcf	3,6	;RP1=0, select bank1
   842  00BC  1411               	bsf	17,0	;volatile
   843  00BD                     l124:
   844  00BD  0008               	return
   845  00BE                     __end_of_I2C_Master_Start:
   846                           
   847                           	psect	text4
   848  00BE                     __ptext4:	
   849 ;; *************** function _I2C_Master_RepeatedStart *****************
   850 ;; Defined at:
   851 ;;		line 40 in file "I2C.c"
   852 ;; Parameters:    Size  Location     Type
   853 ;;		None
   854 ;; Auto vars:     Size  Location     Type
   855 ;;		None
   856 ;; Return value:  Size  Location     Type
   857 ;;                  1    wreg      void 
   858 ;; Registers used:
   859 ;;		wreg, status,2, status,0, pclath, cstack
   860 ;; Tracked objects:
   861 ;;		On entry : 0/0
   862 ;;		On exit  : 0/0
   863 ;;		Unchanged: 0/0
   864 ;; Data sizes:     COMMON   BANK0   BANK1   BANK3   BANK2
   865 ;;      Params:         0       0       0       0       0
   866 ;;      Locals:         0       0       0       0       0
   867 ;;      Temps:          0       0       0       0       0
   868 ;;      Totals:         0       0       0       0       0
   869 ;;Total ram usage:        0 bytes
   870 ;; Hardware stack levels used: 1
   871 ;; Hardware stack levels required when called: 2
   872 ;; This function calls:
   873 ;;		_I2C_Master_Wait
   874 ;; This function is called by:
   875 ;;		_main
   876 ;; This function uses a non-reentrant model
   877 ;;
   878                           
   879  00BE                     _I2C_Master_RepeatedStart:	
   880                           ;psect for function _I2C_Master_RepeatedStart
   881                           
   882  00BE                     l745:	
   883                           ;incstack = 0
   884                           ; Regs used in _I2C_Master_RepeatedStart: [wreg+status,2+status,0+pclath+cstack]
   885                           
   886                           
   887                           ;I2C.c: 42:     I2C_Master_Wait();
   888  00BE  120A  118A  2095  120A  118A  	fcall	_I2C_Master_Wait
   889  00C3                     l747:
   890                           
   891                           ;I2C.c: 43:     SSPCON2bits.RSEN = 1;
   892  00C3  1683               	bsf	3,5	;RP0=1, select bank1
   893  00C4  1303               	bcf	3,6	;RP1=0, select bank1
   894  00C5  1491               	bsf	17,1	;volatile
   895  00C6                     l127:
   896  00C6  0008               	return
   897  00C7                     __end_of_I2C_Master_RepeatedStart:
   898                           
   899                           	psect	text5
   900  0067                     __ptext5:	
   901 ;; *************** function _I2C_Master_Read *****************
   902 ;; Defined at:
   903 ;;		line 61 in file "I2C.c"
   904 ;; Parameters:    Size  Location     Type
   905 ;;  a               2    2[COMMON] unsigned short 
   906 ;; Auto vars:     Size  Location     Type
   907 ;;  temp            2    6[COMMON] unsigned short 
   908 ;; Return value:  Size  Location     Type
   909 ;;                  2    2[COMMON] unsigned short 
   910 ;; Registers used:
   911 ;;		wreg, status,2, status,0, pclath, cstack
   912 ;; Tracked objects:
   913 ;;		On entry : 0/0
   914 ;;		On exit  : 0/0
   915 ;;		Unchanged: 0/0
   916 ;; Data sizes:     COMMON   BANK0   BANK1   BANK3   BANK2
   917 ;;      Params:         2       0       0       0       0
   918 ;;      Locals:         2       0       0       0       0
   919 ;;      Temps:          2       0       0       0       0
   920 ;;      Totals:         6       0       0       0       0
   921 ;;Total ram usage:        6 bytes
   922 ;; Hardware stack levels used: 1
   923 ;; Hardware stack levels required when called: 2
   924 ;; This function calls:
   925 ;;		_I2C_Master_Wait
   926 ;; This function is called by:
   927 ;;		_main
   928 ;; This function uses a non-reentrant model
   929 ;;
   930                           
   931  0067                     _I2C_Master_Read:	
   932                           ;psect for function _I2C_Master_Read
   933                           
   934  0067                     l879:	
   935                           ;incstack = 0
   936                           ; Regs used in _I2C_Master_Read: [wreg+status,2+status,0+pclath+cstack]
   937                           
   938                           
   939                           ;I2C.c: 61: unsigned short I2C_Master_Read(unsigned short a);I2C.c: 62: {;I2C.c: 63:    
      +                           unsigned short temp;;I2C.c: 64:     I2C_Master_Wait();
   940  0067  120A  118A  2095  120A  118A  	fcall	_I2C_Master_Wait
   941  006C                     l881:
   942                           
   943                           ;I2C.c: 65:     SSPCON2bits.RCEN = 1;
   944  006C  1683               	bsf	3,5	;RP0=1, select bank1
   945  006D  1303               	bcf	3,6	;RP1=0, select bank1
   946  006E  1591               	bsf	17,3	;volatile
   947                           
   948                           ;I2C.c: 66:     I2C_Master_Wait();
   949  006F  120A  118A  2095  120A  118A  	fcall	_I2C_Master_Wait
   950  0074                     l883:
   951                           
   952                           ;I2C.c: 67:     temp = SSPBUF;
   953  0074  1283               	bcf	3,5	;RP0=0, select bank0
   954  0075  1303               	bcf	3,6	;RP1=0, select bank0
   955  0076  0813               	movf	19,w	;volatile
   956  0077  00F4               	movwf	??_I2C_Master_Read
   957  0078  01F5               	clrf	??_I2C_Master_Read+1
   958  0079  0874               	movf	??_I2C_Master_Read,w
   959  007A  00F6               	movwf	I2C_Master_Read@temp
   960  007B  0875               	movf	??_I2C_Master_Read+1,w
   961  007C  00F7               	movwf	I2C_Master_Read@temp+1
   962  007D                     l885:
   963                           
   964                           ;I2C.c: 68:     I2C_Master_Wait();
   965  007D  120A  118A  2095  120A  118A  	fcall	_I2C_Master_Wait
   966  0082                     l887:
   967                           
   968                           ;I2C.c: 69:     if(a == 1){
   969  0082  0372               	decf	I2C_Master_Read@a,w
   970  0083  0473               	iorwf	I2C_Master_Read@a+1,w
   971  0084  1D03               	btfss	3,2
   972  0085  2887               	goto	u51
   973  0086  2888               	goto	u50
   974  0087                     u51:
   975  0087  288C               	goto	l136
   976  0088                     u50:
   977  0088                     l889:
   978                           
   979                           ;I2C.c: 70:         SSPCON2bits.ACKDT = 0;
   980  0088  1683               	bsf	3,5	;RP0=1, select bank1
   981  0089  1303               	bcf	3,6	;RP1=0, select bank1
   982  008A  1291               	bcf	17,5	;volatile
   983                           
   984                           ;I2C.c: 71:     }else{
   985  008B  288F               	goto	l137
   986  008C                     l136:
   987                           
   988                           ;I2C.c: 72:         SSPCON2bits.ACKDT = 1;
   989  008C  1683               	bsf	3,5	;RP0=1, select bank1
   990  008D  1303               	bcf	3,6	;RP1=0, select bank1
   991  008E  1691               	bsf	17,5	;volatile
   992  008F                     l137:	
   993                           ;I2C.c: 73:     }
   994                           
   995                           
   996                           ;I2C.c: 74:     SSPCON2bits.ACKEN = 1;
   997  008F  1611               	bsf	17,4	;volatile
   998  0090                     l891:
   999                           
  1000                           ;I2C.c: 75:     return temp;
  1001  0090  0877               	movf	I2C_Master_Read@temp+1,w
  1002  0091  00F3               	movwf	?_I2C_Master_Read+1
  1003  0092  0876               	movf	I2C_Master_Read@temp,w
  1004  0093  00F2               	movwf	?_I2C_Master_Read
  1005  0094                     l138:
  1006  0094  0008               	return
  1007  0095                     __end_of_I2C_Master_Read:
  1008                           
  1009                           	psect	text6
  1010  0095                     __ptext6:	
  1011 ;; *************** function _I2C_Master_Wait *****************
  1012 ;; Defined at:
  1013 ;;		line 25 in file "I2C.c"
  1014 ;; Parameters:    Size  Location     Type
  1015 ;;		None
  1016 ;; Auto vars:     Size  Location     Type
  1017 ;;		None
  1018 ;; Return value:  Size  Location     Type
  1019 ;;                  1    wreg      void 
  1020 ;; Registers used:
  1021 ;;		wreg, status,2
  1022 ;; Tracked objects:
  1023 ;;		On entry : 0/0
  1024 ;;		On exit  : 0/0
  1025 ;;		Unchanged: 0/0
  1026 ;; Data sizes:     COMMON   BANK0   BANK1   BANK3   BANK2
  1027 ;;      Params:         0       0       0       0       0
  1028 ;;      Locals:         0       0       0       0       0
  1029 ;;      Temps:          0       0       0       0       0
  1030 ;;      Totals:         0       0       0       0       0
  1031 ;;Total ram usage:        0 bytes
  1032 ;; Hardware stack levels used: 1
  1033 ;; Hardware stack levels required when called: 1
  1034 ;; This function calls:
  1035 ;;		Nothing
  1036 ;; This function is called by:
  1037 ;;		_I2C_Master_Start
  1038 ;;		_I2C_Master_RepeatedStart
  1039 ;;		_I2C_Master_Stop
  1040 ;;		_I2C_Master_Write
  1041 ;;		_I2C_Master_Read
  1042 ;; This function uses a non-reentrant model
  1043 ;;
  1044                           
  1045  0095                     _I2C_Master_Wait:	
  1046                           ;psect for function _I2C_Master_Wait
  1047                           
  1048  0095                     l733:	
  1049                           ;incstack = 0
  1050                           ; Regs used in _I2C_Master_Wait: [wreg+status,2]
  1051                           
  1052  0095                     l118:	
  1053                           ;I2C.c: 27:     while ((SSPSTAT & 0x04) || (SSPCON2 & 0x1F));
  1054                           
  1055  0095  1683               	bsf	3,5	;RP0=1, select bank1
  1056  0096  1303               	bcf	3,6	;RP1=0, select bank1
  1057  0097  1914               	btfsc	20,2	;volatile
  1058  0098  289A               	goto	u11
  1059  0099  289B               	goto	u10
  1060  009A                     u11:
  1061  009A  2895               	goto	l118
  1062  009B                     u10:
  1063  009B                     l735:
  1064  009B  0811               	movf	17,w	;volatile
  1065  009C  391F               	andlw	31
  1066  009D  1D03               	btfss	3,2
  1067  009E  28A0               	goto	u21
  1068  009F  28A1               	goto	u20
  1069  00A0                     u21:
  1070  00A0  2895               	goto	l118
  1071  00A1                     u20:
  1072  00A1                     l121:
  1073  00A1  0008               	return
  1074  00A2                     __end_of_I2C_Master_Wait:
  1075                           
  1076                           	psect	text7
  1077  00C7                     __ptext7:	
  1078 ;; *************** function _isr *****************
  1079 ;; Defined at:
  1080 ;;		line 19 in file "main_slaveP1D2.c"
  1081 ;; Parameters:    Size  Location     Type
  1082 ;;		None
  1083 ;; Auto vars:     Size  Location     Type
  1084 ;;		None
  1085 ;; Return value:  Size  Location     Type
  1086 ;;                  1    wreg      void 
  1087 ;; Registers used:
  1088 ;;		None
  1089 ;; Tracked objects:
  1090 ;;		On entry : 0/0
  1091 ;;		On exit  : 0/0
  1092 ;;		Unchanged: 0/0
  1093 ;; Data sizes:     COMMON   BANK0   BANK1   BANK3   BANK2
  1094 ;;      Params:         0       0       0       0       0
  1095 ;;      Locals:         0       0       0       0       0
  1096 ;;      Temps:          2       0       0       0       0
  1097 ;;      Totals:         2       0       0       0       0
  1098 ;;Total ram usage:        2 bytes
  1099 ;; Hardware stack levels used: 1
  1100 ;; This function calls:
  1101 ;;		Nothing
  1102 ;; This function is called by:
  1103 ;;		Interrupt level 1
  1104 ;; This function uses a non-reentrant model
  1105 ;;
  1106                           
  1107  00C7                     _isr:	
  1108                           ;psect for function _isr
  1109                           
  1110  00C7                     i1l35:
  1111  00C7  0871               	movf	??_isr+1,w
  1112  00C8  008A               	movwf	10
  1113  00C9  0E70               	swapf	??_isr,w
  1114  00CA  0083               	movwf	3
  1115  00CB  0EFE               	swapf	btemp,f
  1116  00CC  0E7E               	swapf	btemp,w
  1117  00CD  0009               	retfie
  1118  00CE                     __end_of_isr:
  1119  007E                     btemp	set	126	;btemp
  1120  007E                     wtemp0	set	126
  1121                           
  1122                           	psect	intentry
  1123  0004                     __pintentry:	
  1124                           ;incstack = 0
  1125                           ; Regs used in _isr: []
  1126                           
  1127  0004                     interrupt_function:
  1128  007E                     saved_w	set	btemp
  1129  0004  00FE               	movwf	btemp
  1130  0005  0E03               	swapf	3,w
  1131  0006  00F0               	movwf	??_isr
  1132  0007  080A               	movf	10,w
  1133  0008  00F1               	movwf	??_isr+1
  1134  0009  120A  118A  28C7   	ljmp	_isr
  1135                           
  1136                           	psect	idloc
  1137                           
  1138                           ;Config register IDLOC0 @ 0x2000
  1139                           ;	unspecified, using default values
  1140  2000                     	org	8192
  1141  2000  3FFF               	dw	16383
  1142                           
  1143                           ;Config register IDLOC1 @ 0x2001
  1144                           ;	unspecified, using default values
  1145  2001                     	org	8193
  1146  2001  3FFF               	dw	16383
  1147                           
  1148                           ;Config register IDLOC2 @ 0x2002
  1149                           ;	unspecified, using default values
  1150  2002                     	org	8194
  1151  2002  3FFF               	dw	16383
  1152                           
  1153                           ;Config register IDLOC3 @ 0x2003
  1154                           ;	unspecified, using default values
  1155  2003                     	org	8195
  1156  2003  3FFF               	dw	16383
  1157                           
  1158                           	psect	config
  1159                           
  1160                           ;Config register CONFIG1 @ 0x2007
  1161                           ;	unspecified, using default values
  1162                           ;	Oscillator Selection bits
  1163                           ;	FOSC = 0x7, unprogrammed default
  1164                           ;	Watchdog Timer Enable bit
  1165                           ;	WDTE = 0x1, unprogrammed default
  1166                           ;	Power-up Timer Enable bit
  1167                           ;	PWRTE = 0x1, unprogrammed default
  1168                           ;	RE3/MCLR pin function select bit
  1169                           ;	MCLRE = 0x1, unprogrammed default
  1170                           ;	Code Protection bit
  1171                           ;	CP = 0x1, unprogrammed default
  1172                           ;	Data Code Protection bit
  1173                           ;	CPD = 0x1, unprogrammed default
  1174                           ;	Brown Out Reset Selection bits
  1175                           ;	BOREN = 0x3, unprogrammed default
  1176                           ;	Internal External Switchover bit
  1177                           ;	IESO = 0x1, unprogrammed default
  1178                           ;	Fail-Safe Clock Monitor Enabled bit
  1179                           ;	FCMEN = 0x1, unprogrammed default
  1180                           ;	Low Voltage Programming Enable bit
  1181                           ;	LVP = 0x1, unprogrammed default
  1182                           ;	In-Circuit Debugger Mode bit
  1183                           ;	DEBUG = 0x1, unprogrammed default
  1184  2007                     	org	8199
  1185  2007  3FFF               	dw	16383
  1186                           
  1187                           ;Config register CONFIG2 @ 0x2008
  1188                           ;	unspecified, using default values
  1189                           ;	Brown-out Reset Selection bit
  1190                           ;	BOR4V = 0x1, unprogrammed default
  1191                           ;	Flash Program Memory Self Write Enable bits
  1192                           ;	WRT = 0x3, unprogrammed default
  1193  2008                     	org	8200
  1194  2008  3FFF               	dw	16383

Data Sizes:
    Strings     0
    Constant    0
    Data        0
    BSS         4
    Persistent  0
    Stack       0

Auto Spaces:
    Space          Size  Autos    Used
    COMMON           14      8      11
    BANK0            80      3       4
    BANK1            80      0       0
    BANK3            96      0       0
    BANK2            96      0       0

Pointer List with Targets:

    None.

Critical Paths under _main in COMMON

    _main->_I2C_Master_Read

Critical Paths under _isr in COMMON

    None.

Critical Paths under _main in BANK0

    None.

Critical Paths under _isr in BANK0

    None.

Critical Paths under _main in BANK1

    None.

Critical Paths under _isr in BANK1

    None.

Critical Paths under _main in BANK3

    None.

Critical Paths under _isr in BANK3

    None.

Critical Paths under _main in BANK2

    None.

Critical Paths under _isr in BANK2

    None.

Call Graph Tables:

 ---------------------------------------------------------------------------------
 (Depth) Function   	        Calls       Base Space   Used Autos Params    Refs
 ---------------------------------------------------------------------------------
 (0) _main                                                 3     3      0     371
                                              0 BANK0      3     3      0
                    _I2C_Master_Read
           _I2C_Master_RepeatedStart
                   _I2C_Master_Start
                    _I2C_Master_Stop
                   _I2C_Master_Write
 ---------------------------------------------------------------------------------
 (1) _I2C_Master_Write                                     2     0      2     250
                                              2 COMMON     2     0      2
                    _I2C_Master_Wait
 ---------------------------------------------------------------------------------
 (1) _I2C_Master_Stop                                      0     0      0       0
                    _I2C_Master_Wait
 ---------------------------------------------------------------------------------
 (1) _I2C_Master_Start                                     0     0      0       0
                    _I2C_Master_Wait
 ---------------------------------------------------------------------------------
 (1) _I2C_Master_RepeatedStart                             0     0      0       0
                    _I2C_Master_Wait
 ---------------------------------------------------------------------------------
 (1) _I2C_Master_Read                                      6     4      2     121
                                              2 COMMON     6     4      2
                    _I2C_Master_Wait
 ---------------------------------------------------------------------------------
 (2) _I2C_Master_Wait                                      0     0      0       0
 ---------------------------------------------------------------------------------
 Estimated maximum stack depth 2
 ---------------------------------------------------------------------------------
 (Depth) Function   	        Calls       Base Space   Used Autos Params    Refs
 ---------------------------------------------------------------------------------
 (3) _isr                                                  2     2      0       0
                                              0 COMMON     2     2      0
 ---------------------------------------------------------------------------------
 Estimated maximum stack depth 3
 ---------------------------------------------------------------------------------

 Call Graph Graphs:

 _main (ROOT)
   _I2C_Master_Read
     _I2C_Master_Wait
   _I2C_Master_RepeatedStart
     _I2C_Master_Wait
   _I2C_Master_Start
     _I2C_Master_Wait
   _I2C_Master_Stop
     _I2C_Master_Wait
   _I2C_Master_Write
     _I2C_Master_Wait

 _isr (ROOT)

 Address spaces:
Name               Size   Autos  Total    Cost      Usage
BITCOMMON            E      0       0       0        0.0%
EEDATA             100      0       0       0        0.0%
NULL                 0      0       0       0        0.0%
CODE                 0      0       0       0        0.0%
COMMON               E      8       B       1       78.6%
BITSFR0              0      0       0       1        0.0%
SFR0                 0      0       0       1        0.0%
BITSFR1              0      0       0       2        0.0%
SFR1                 0      0       0       2        0.0%
STACK                0      0       0       2        0.0%
ABS                  0      0       F       3        0.0%
BITBANK0            50      0       0       4        0.0%
BITSFR3              0      0       0       4        0.0%
SFR3                 0      0       0       4        0.0%
BANK0               50      3       4       5        5.0%
BITSFR2              0      0       0       5        0.0%
SFR2                 0      0       0       5        0.0%
BITBANK1            50      0       0       6        0.0%
BANK1               50      0       0       7        0.0%
BITBANK3            60      0       0       8        0.0%
BANK3               60      0       0       9        0.0%
BITBANK2            60      0       0      10        0.0%
BANK2               60      0       0      11        0.0%
DATA                 0      0       F      12        0.0%


Microchip Technology PIC Macro Assembler V2.35 build 20211206165544 
Symbol Table                                                                                   Mon Sep 19 18:45:02 2022

                              l40 0019                                u10 009B                                u11 009A  
                              u20 00A1                                u21 00A0                                u50 0088  
                              u51 0087                                u67 0058                               l121 00A1  
                             l130 00B4                               l124 00BD                               l133 00AB  
                             l118 0095                               l127 00C6                               l136 008C  
                             l137 008F                               l138 0094                               l733 0095  
                             l901 0019                               l735 009B                               l903 0050  
                             l745 00BE                               l737 00B5                               l905 005F  
                             l747 00C3                               l739 00BA                               l765 00AC  
                             l767 00B1                               l881 006C                               l891 0090  
                             l883 0074                               l875 00A2                               l885 007D  
                             l877 00A7                               l887 0082                               l879 0067  
                             l889 0088                               _GIE 005F                               _isr 00C7  
                            ?_isr 0070                              _PEIE 005E                              i1l35 00C7  
                            _TMR0 0001  __end_of_I2C_Master_RepeatedStart 00C7                              _main 0019  
                            _freq 007A                              btemp 007E                              start 000C  
                           ??_isr 0070                  ?_I2C_Master_Read 0072                  ?_I2C_Master_Wait 0070  
                ?_I2C_Master_Stop 0070                             ?_main 0070                             _PORTD 0008  
                           _TRISD 0088                             _SSPIE 0463                             _SSPIF 0063  
                           pclath 000A                             status 0003                             wtemp0 007E  
                 __initialization 000F                      __end_of_main 0067                            ??_main 0020  
               ?_I2C_Master_Start 0070                 ?_I2C_Master_Write 0072                ??_I2C_Master_Start 0072  
              ??_I2C_Master_Write 0074                            _SSPADD 0093                            _TRISC3 043B  
                          _TRISC4 043C                            _SSPCON 0014                            _SSPBUF 0013  
        _I2C_Master_RepeatedStart 00BE                            saved_w 007E           __end_of__initialization 0015  
                  __pcstackCOMMON 0070                    _OPTION_REGbits 0081                        __pbssBANK0 0023  
                      __pmaintext 0019                        __pintentry 0004                           _SSPCON2 0091  
                         _SSPSTAT 0094                           __ptext1 00A2                           __ptext2 00AC  
                         __ptext3 00B5                           __ptext4 00BE                           __ptext5 0067  
                         __ptext6 0095                           __ptext7 00C7                           _mensaje 0023  
            end_of_initialization 0015        ??_I2C_Master_RepeatedStart 0072                  I2C_Master_Read@a 0072  
                       _TRISCbits 0087               start_initialization 000F                       __end_of_isr 00CE  
               ??_I2C_Master_Read 0074                 ??_I2C_Master_Wait 0072                 ??_I2C_Master_Stop 0072  
                     __pbssCOMMON 0078                         ___latbits 0002                     __pcstackBANK0 0020  
                _I2C_Master_Start 00B5                  _I2C_Master_Write 00A2                 interrupt_function 0004  
                        _PIE1bits 008C                         _prescaler 0079               I2C_Master_Read@temp 0076  
       ?_I2C_Master_RepeatedStart 0070                   _I2C_Master_Read 0067                   _I2C_Master_Wait 0095  
                 _I2C_Master_Stop 00AC                          _segundos 0078          __end_of_I2C_Master_Start 00BE  
        __end_of_I2C_Master_Write 00AC                        _INTCONbits 000B                          intlevel1 0000  
                      _OSCCONbits 008F           __end_of_I2C_Master_Read 0095           __end_of_I2C_Master_Wait 00A2  
         __end_of_I2C_Master_Stop 00B5                 I2C_Master_Write@d 0072                       _SSPCON2bits 0091  
